<?xml version="1.0" encoding="UTF-8"?>
<testsuite name="br.com.rm.dev.thotapikotlin.ThotApiKotlinApplicationTests" tests="1" skipped="0" failures="0" errors="0" timestamp="2020-11-02T16:33:05" hostname="manjaro" time="0.121">
  <properties/>
  <testcase name="contextLoads()" classname="br.com.rm.dev.thotapikotlin.ThotApiKotlinApplicationTests" time="0.121"/>
  <system-out><![CDATA[13:33:03.905 [Test worker] DEBUG org.springframework.test.context.BootstrapUtils - Instantiating CacheAwareContextLoaderDelegate from class [org.springframework.test.context.cache.DefaultCacheAwareContextLoaderDelegate]
13:33:03.915 [Test worker] DEBUG org.springframework.test.context.BootstrapUtils - Instantiating BootstrapContext using constructor [public org.springframework.test.context.support.DefaultBootstrapContext(java.lang.Class,org.springframework.test.context.CacheAwareContextLoaderDelegate)]
13:33:03.939 [Test worker] DEBUG org.springframework.test.context.BootstrapUtils - Instantiating TestContextBootstrapper for test class [br.com.rm.dev.thotapikotlin.ThotApiKotlinApplicationTests] from class [org.springframework.boot.test.context.SpringBootTestContextBootstrapper]
13:33:03.953 [Test worker] INFO org.springframework.boot.test.context.SpringBootTestContextBootstrapper - Neither @ContextConfiguration nor @ContextHierarchy found for test class [br.com.rm.dev.thotapikotlin.ThotApiKotlinApplicationTests], using SpringBootContextLoader
13:33:03.956 [Test worker] DEBUG org.springframework.test.context.support.AbstractContextLoader - Did not detect default resource location for test class [br.com.rm.dev.thotapikotlin.ThotApiKotlinApplicationTests]: class path resource [br/com/rm/dev/thotapikotlin/ThotApiKotlinApplicationTests-context.xml] does not exist
13:33:03.956 [Test worker] DEBUG org.springframework.test.context.support.AbstractContextLoader - Did not detect default resource location for test class [br.com.rm.dev.thotapikotlin.ThotApiKotlinApplicationTests]: class path resource [br/com/rm/dev/thotapikotlin/ThotApiKotlinApplicationTestsContext.groovy] does not exist
13:33:03.956 [Test worker] INFO org.springframework.test.context.support.AbstractContextLoader - Could not detect default resource locations for test class [br.com.rm.dev.thotapikotlin.ThotApiKotlinApplicationTests]: no resource found for suffixes {-context.xml, Context.groovy}.
13:33:03.957 [Test worker] INFO org.springframework.test.context.support.AnnotationConfigContextLoaderUtils - Could not detect default configuration classes for test class [br.com.rm.dev.thotapikotlin.ThotApiKotlinApplicationTests]: ThotApiKotlinApplicationTests does not declare any static, non-private, non-final, nested classes annotated with @Configuration.
13:33:04.004 [Test worker] DEBUG org.springframework.test.context.support.ActiveProfilesUtils - Could not find an 'annotation declaring class' for annotation type [org.springframework.test.context.ActiveProfiles] and class [br.com.rm.dev.thotapikotlin.ThotApiKotlinApplicationTests]
13:33:04.057 [Test worker] DEBUG org.springframework.context.annotation.ClassPathScanningCandidateComponentProvider - Identified candidate component class: file [/home/romulo/dev/RM/thot-api-kotlin/build/classes/kotlin/main/br/com/rm/dev/thotapikotlin/ThotApiKotlinApplication.class]
13:33:04.059 [Test worker] INFO org.springframework.boot.test.context.SpringBootTestContextBootstrapper - Found @SpringBootConfiguration br.com.rm.dev.thotapikotlin.ThotApiKotlinApplication for test class br.com.rm.dev.thotapikotlin.ThotApiKotlinApplicationTests
13:33:04.156 [Test worker] DEBUG org.springframework.boot.test.context.SpringBootTestContextBootstrapper - @TestExecutionListeners is not present for class [br.com.rm.dev.thotapikotlin.ThotApiKotlinApplicationTests]: using defaults.
13:33:04.157 [Test worker] INFO org.springframework.boot.test.context.SpringBootTestContextBootstrapper - Loaded default TestExecutionListener class names from location [META-INF/spring.factories]: [org.springframework.boot.test.autoconfigure.restdocs.RestDocsTestExecutionListener, org.springframework.boot.test.autoconfigure.web.client.MockRestServiceServerResetTestExecutionListener, org.springframework.boot.test.autoconfigure.web.servlet.MockMvcPrintOnlyOnFailureTestExecutionListener, org.springframework.boot.test.autoconfigure.web.servlet.WebDriverTestExecutionListener, org.springframework.boot.test.autoconfigure.webservices.client.MockWebServiceServerTestExecutionListener, org.springframework.boot.test.mock.mockito.MockitoTestExecutionListener, org.springframework.boot.test.mock.mockito.ResetMocksTestExecutionListener, org.springframework.test.context.web.ServletTestExecutionListener, org.springframework.test.context.support.DirtiesContextBeforeModesTestExecutionListener, org.springframework.test.context.support.DependencyInjectionTestExecutionListener, org.springframework.test.context.support.DirtiesContextTestExecutionListener, org.springframework.test.context.transaction.TransactionalTestExecutionListener, org.springframework.test.context.jdbc.SqlScriptsTestExecutionListener, org.springframework.test.context.event.EventPublishingTestExecutionListener]
13:33:04.165 [Test worker] DEBUG org.springframework.boot.test.context.SpringBootTestContextBootstrapper - Skipping candidate TestExecutionListener [org.springframework.test.context.web.ServletTestExecutionListener] due to a missing dependency. Specify custom listener classes or make the default listener classes and their required dependencies available. Offending class: [javax/servlet/ServletContext]
13:33:04.166 [Test worker] DEBUG org.springframework.boot.test.context.SpringBootTestContextBootstrapper - Skipping candidate TestExecutionListener [org.springframework.test.context.transaction.TransactionalTestExecutionListener] due to a missing dependency. Specify custom listener classes or make the default listener classes and their required dependencies available. Offending class: [org/springframework/transaction/TransactionDefinition]
13:33:04.167 [Test worker] DEBUG org.springframework.boot.test.context.SpringBootTestContextBootstrapper - Skipping candidate TestExecutionListener [org.springframework.test.context.jdbc.SqlScriptsTestExecutionListener] due to a missing dependency. Specify custom listener classes or make the default listener classes and their required dependencies available. Offending class: [org/springframework/transaction/interceptor/TransactionAttribute]
13:33:04.167 [Test worker] INFO org.springframework.boot.test.context.SpringBootTestContextBootstrapper - Using TestExecutionListeners: [org.springframework.test.context.support.DirtiesContextBeforeModesTestExecutionListener@53dd6a26, org.springframework.boot.test.mock.mockito.MockitoTestExecutionListener@47334421, org.springframework.boot.test.autoconfigure.SpringBootDependencyInjectionTestExecutionListener@5e26c84f, org.springframework.test.context.support.DirtiesContextTestExecutionListener@2ae3e05c, org.springframework.test.context.event.EventPublishingTestExecutionListener@1257237c, org.springframework.boot.test.autoconfigure.restdocs.RestDocsTestExecutionListener@4f186f5b, org.springframework.boot.test.autoconfigure.web.client.MockRestServiceServerResetTestExecutionListener@2794a247, org.springframework.boot.test.autoconfigure.web.servlet.MockMvcPrintOnlyOnFailureTestExecutionListener@12c047e9, org.springframework.boot.test.autoconfigure.web.servlet.WebDriverTestExecutionListener@39a7da0e, org.springframework.boot.test.autoconfigure.webservices.client.MockWebServiceServerTestExecutionListener@35c918d6, org.springframework.boot.test.mock.mockito.ResetMocksTestExecutionListener@37cd12b2]
13:33:04.171 [Test worker] DEBUG org.springframework.test.context.support.AbstractDirtiesContextTestExecutionListener - Before test class: context [DefaultTestContext@61987f75 testClass = ThotApiKotlinApplicationTests, testInstance = [null], testMethod = [null], testException = [null], mergedContextConfiguration = [ReactiveWebMergedContextConfiguration@633dd628 testClass = ThotApiKotlinApplicationTests, locations = '{}', classes = '{class br.com.rm.dev.thotapikotlin.ThotApiKotlinApplication}', contextInitializerClasses = '[]', activeProfiles = '{}', propertySourceLocations = '{}', propertySourceProperties = '{org.springframework.boot.test.context.SpringBootTestContextBootstrapper=true}', contextCustomizers = set[org.springframework.boot.test.autoconfigure.properties.PropertyMappingContextCustomizer@0, org.springframework.boot.test.autoconfigure.web.servlet.WebDriverContextCustomizerFactory$Customizer@2c349361, org.springframework.boot.test.context.filter.ExcludeFilterContextCustomizer@377058a4, org.springframework.boot.test.json.DuplicateJsonObjectContextCustomizerFactory$DuplicateJsonObjectContextCustomizer@7f6c66f2, org.springframework.boot.test.mock.mockito.MockitoContextCustomizer@0, org.springframework.boot.test.web.client.TestRestTemplateContextCustomizer@6133efed, org.springframework.boot.test.web.reactive.server.WebTestClientContextCustomizer@95d3a82, org.springframework.boot.test.context.SpringBootTestArgs@1, org.springframework.boot.test.context.SpringBootTestWebEnvironment@34c060d2], contextLoader = 'org.springframework.boot.test.context.SpringBootContextLoader', parent = [null]], attributes = map[[empty]]], class annotated with @DirtiesContext [false] with mode [null].
13:33:04.182 [Test worker] DEBUG org.springframework.test.context.support.DependencyInjectionTestExecutionListener - Performing dependency injection for test context [[DefaultTestContext@61987f75 testClass = ThotApiKotlinApplicationTests, testInstance = br.com.rm.dev.thotapikotlin.ThotApiKotlinApplicationTests@7c555cc, testMethod = [null], testException = [null], mergedContextConfiguration = [ReactiveWebMergedContextConfiguration@633dd628 testClass = ThotApiKotlinApplicationTests, locations = '{}', classes = '{class br.com.rm.dev.thotapikotlin.ThotApiKotlinApplication}', contextInitializerClasses = '[]', activeProfiles = '{}', propertySourceLocations = '{}', propertySourceProperties = '{org.springframework.boot.test.context.SpringBootTestContextBootstrapper=true}', contextCustomizers = set[org.springframework.boot.test.autoconfigure.properties.PropertyMappingContextCustomizer@0, org.springframework.boot.test.autoconfigure.web.servlet.WebDriverContextCustomizerFactory$Customizer@2c349361, org.springframework.boot.test.context.filter.ExcludeFilterContextCustomizer@377058a4, org.springframework.boot.test.json.DuplicateJsonObjectContextCustomizerFactory$DuplicateJsonObjectContextCustomizer@7f6c66f2, org.springframework.boot.test.mock.mockito.MockitoContextCustomizer@0, org.springframework.boot.test.web.client.TestRestTemplateContextCustomizer@6133efed, org.springframework.boot.test.web.reactive.server.WebTestClientContextCustomizer@95d3a82, org.springframework.boot.test.context.SpringBootTestArgs@1, org.springframework.boot.test.context.SpringBootTestWebEnvironment@34c060d2], contextLoader = 'org.springframework.boot.test.context.SpringBootContextLoader', parent = [null]], attributes = map[[empty]]]].
13:33:04.201 [Test worker] DEBUG org.springframework.test.context.support.TestPropertySourceUtils - Adding inlined properties to environment: {spring.jmx.enabled=false, org.springframework.boot.test.context.SpringBootTestContextBootstrapper=true}

  .   ____          _            __ _ _
 /\\ / ___'_ __ _ _(_)_ __  __ _ \ \ \ \
( ( )\___ | '_ | '_| | '_ \/ _` | \ \ \ \
 \\/  ___)| |_)| | | | | || (_| |  ) ) ) )
  '  |____| .__|_| |_|_| |_\__, | / / / /
 =========|_|==============|___/=/_/_/_/
 :: Spring Boot ::        (v2.3.5.RELEASE)

2020-11-02 13:33:04.390  INFO 7636 --- [    Test worker] b.c.r.d.t.ThotApiKotlinApplicationTests  : Starting ThotApiKotlinApplicationTests on manjaro with PID 7636 (started by romulo in /home/romulo/dev/RM/thot-api-kotlin)
2020-11-02 13:33:04.392  INFO 7636 --- [    Test worker] b.c.r.d.t.ThotApiKotlinApplicationTests  : No active profile set, falling back to default profiles: default
2020-11-02 13:33:05.712  INFO 7636 --- [    Test worker] b.c.r.d.t.ThotApiKotlinApplicationTests  : Started ThotApiKotlinApplicationTests in 1.504 seconds (JVM running for 2.454)
]]></system-out>
  <system-err><![CDATA[]]></system-err>
</testsuite>
